<?xml version="1.0" encoding="UTF-8"?>
<testng-results skipped="0" failed="0" total="2" passed="2">
  <reporter-output>
  </reporter-output>
  <suite name="Default suite" duration-ms="111404" started-at="2020-05-19T17:03:46Z" finished-at="2020-05-19T17:05:37Z">
    <groups>
    </groups>
    <test name="Default test" duration-ms="111404" started-at="2020-05-19T17:03:46Z" finished-at="2020-05-19T17:05:37Z">
      <class name="com.training.sanity.tests.RETC_061_RegisterMultiUsers">
        <test-method status="PASS" signature="setUpBeforeClass()[pri:0, instance:com.training.sanity.tests.RETC_061_RegisterMultiUsers@7dc7cbad]" name="setUpBeforeClass" is-config="true" duration-ms="18" started-at="2020-05-19T22:33:46Z" finished-at="2020-05-19T22:33:46Z">
          <reporter-output>
          </reporter-output>
        </test-method> <!-- setUpBeforeClass -->
        <test-method status="PASS" signature="setUp()[pri:0, instance:com.training.sanity.tests.RETC_061_RegisterMultiUsers@7dc7cbad]" name="setUp" is-config="true" duration-ms="37429" started-at="2020-05-19T22:33:46Z" finished-at="2020-05-19T22:34:24Z">
          <reporter-output>
          </reporter-output>
        </test-method> <!-- setUp -->
        <test-method status="PASS" signature="loginDBTest(java.lang.String, java.lang.String, java.lang.String)[pri:0, instance:com.training.sanity.tests.RETC_061_RegisterMultiUsers@7dc7cbad]" name="loginDBTest" duration-ms="4402" started-at="2020-05-19T22:34:24Z" data-provider="excel-inputs" finished-at="2020-05-19T22:34:28Z">
          <params>
            <param index="0">
              <value>
                <![CDATA[mahesh@gmail.com]]>
              </value>
            </param>
            <param index="1">
              <value>
                <![CDATA[mahesh]]>
              </value>
            </param>
            <param index="2">
              <value>
                <![CDATA[mahesh123]]>
              </value>
            </param>
          </params>
          <reporter-output>
          </reporter-output>
        </test-method> <!-- loginDBTest -->
        <test-method status="PASS" signature="tearDown()[pri:0, instance:com.training.sanity.tests.RETC_061_RegisterMultiUsers@7dc7cbad]" name="tearDown" is-config="true" duration-ms="730" started-at="2020-05-19T22:34:28Z" finished-at="2020-05-19T22:34:29Z">
          <reporter-output>
          </reporter-output>
        </test-method> <!-- tearDown -->
        <test-method status="PASS" signature="setUp()[pri:0, instance:com.training.sanity.tests.RETC_061_RegisterMultiUsers@7dc7cbad]" name="setUp" is-config="true" duration-ms="61548" started-at="2020-05-19T22:34:29Z" finished-at="2020-05-19T22:35:30Z">
          <reporter-output>
          </reporter-output>
        </test-method> <!-- setUp -->
        <test-method status="PASS" signature="loginDBTest(java.lang.String, java.lang.String, java.lang.String)[pri:0, instance:com.training.sanity.tests.RETC_061_RegisterMultiUsers@7dc7cbad]" name="loginDBTest" duration-ms="6068" started-at="2020-05-19T22:35:30Z" data-provider="excel-inputs" finished-at="2020-05-19T22:35:36Z">
          <params>
            <param index="0">
              <value>
                <![CDATA[ramesh@gmail.com]]>
              </value>
            </param>
            <param index="1">
              <value>
                <![CDATA[ramesh]]>
              </value>
            </param>
            <param index="2">
              <value>
                <![CDATA[ramesh123]]>
              </value>
            </param>
          </params>
          <reporter-output>
          </reporter-output>
        </test-method> <!-- loginDBTest -->
        <test-method status="PASS" signature="tearDown()[pri:0, instance:com.training.sanity.tests.RETC_061_RegisterMultiUsers@7dc7cbad]" name="tearDown" is-config="true" duration-ms="691" started-at="2020-05-19T22:35:36Z" finished-at="2020-05-19T22:35:37Z">
          <reporter-output>
          </reporter-output>
        </test-method> <!-- tearDown -->
      </class> <!-- com.training.sanity.tests.RETC_061_RegisterMultiUsers -->
    </test> <!-- Default test -->
  </suite> <!-- Default suite -->
</testng-results>
