<?xml version="1.0" encoding="UTF-8"?>
<!-- Generated by org.testng.reporters.JUnitXMLReporter -->
<testsuite hostname="DESKTOP-H2MH4IG" name="Default test" tests="2" failures="0" timestamp="19 May 2020 17:05:37 GMT" time="111.404" errors="0">
  <testcase name="loginDBTest" time="4.402" classname="com.training.sanity.tests.RETC_061_RegisterMultiUsers"/>
  <testcase name="loginDBTest" time="6.068" classname="com.training.sanity.tests.RETC_061_RegisterMultiUsers"/>
</testsuite> <!-- Default test -->
